Determining if the pthread_create exist failed with the following output:
Change Dir: /home/chenjs/a5/aom_190109/aom_build/CMakeFiles/CMakeTmp

Run Build Command:"/usr/bin/make" "cmTC_cabb0/fast"
/usr/bin/make -f CMakeFiles/cmTC_cabb0.dir/build.make CMakeFiles/cmTC_cabb0.dir/build
make[1]: Entering directory '/home/chenjs/a5/aom_190109/aom_build/CMakeFiles/CMakeTmp'
Building C object CMakeFiles/cmTC_cabb0.dir/CheckSymbolExists.c.o
/usr/bin/cc     -o CMakeFiles/cmTC_cabb0.dir/CheckSymbolExists.c.o   -c /home/chenjs/a5/aom_190109/aom_build/CMakeFiles/CMakeTmp/CheckSymbolExists.c
Linking C executable cmTC_cabb0
/usr/bin/cmake -E cmake_link_script CMakeFiles/cmTC_cabb0.dir/link.txt --verbose=1
/usr/bin/cc       CMakeFiles/cmTC_cabb0.dir/CheckSymbolExists.c.o  -o cmTC_cabb0 
CMakeFiles/cmTC_cabb0.dir/CheckSymbolExists.c.o：在函数‘main’中：
CheckSymbolExists.c:(.text+0x16)：对‘pthread_create’未定义的引用
collect2: error: ld returned 1 exit status
CMakeFiles/cmTC_cabb0.dir/build.make:97: recipe for target 'cmTC_cabb0' failed
make[1]: *** [cmTC_cabb0] Error 1
make[1]: Leaving directory '/home/chenjs/a5/aom_190109/aom_build/CMakeFiles/CMakeTmp'
Makefile:126: recipe for target 'cmTC_cabb0/fast' failed
make: *** [cmTC_cabb0/fast] Error 2

File /home/chenjs/a5/aom_190109/aom_build/CMakeFiles/CMakeTmp/CheckSymbolExists.c:
/* */
#include <pthread.h>

int main(int argc, char** argv)
{
  (void)argv;
#ifndef pthread_create
  return ((int*)(&pthread_create))[argc];
#else
  (void)argc;
  return 0;
#endif
}

Determining if the function pthread_create exists in the pthreads failed with the following output:
Change Dir: /home/chenjs/a5/aom_190109/aom_build/CMakeFiles/CMakeTmp

Run Build Command:"/usr/bin/make" "cmTC_89388/fast"
/usr/bin/make -f CMakeFiles/cmTC_89388.dir/build.make CMakeFiles/cmTC_89388.dir/build
make[1]: Entering directory '/home/chenjs/a5/aom_190109/aom_build/CMakeFiles/CMakeTmp'
Building C object CMakeFiles/cmTC_89388.dir/CheckFunctionExists.c.o
/usr/bin/cc    -DCHECK_FUNCTION_EXISTS=pthread_create   -o CMakeFiles/cmTC_89388.dir/CheckFunctionExists.c.o   -c /usr/share/cmake-3.5/Modules/CheckFunctionExists.c
Linking C executable cmTC_89388
/usr/bin/cmake -E cmake_link_script CMakeFiles/cmTC_89388.dir/link.txt --verbose=1
/usr/bin/cc   -DCHECK_FUNCTION_EXISTS=pthread_create    CMakeFiles/cmTC_89388.dir/CheckFunctionExists.c.o  -o cmTC_89388 -lpthreads 
/usr/bin/ld: 找不到 -lpthreads
collect2: error: ld returned 1 exit status
CMakeFiles/cmTC_89388.dir/build.make:97: recipe for target 'cmTC_89388' failed
make[1]: *** [cmTC_89388] Error 1
make[1]: Leaving directory '/home/chenjs/a5/aom_190109/aom_build/CMakeFiles/CMakeTmp'
Makefile:126: recipe for target 'cmTC_89388/fast' failed
make: *** [cmTC_89388/fast] Error 2


Performing C++ SOURCE FILE Test CXX_FLAG_SUPPORTED failed with the following output:
Change Dir: /home/chenjs/a5/aom_190109/aom_build/CMakeFiles/CMakeTmp

Run Build Command:"/usr/bin/make" "cmTC_02ff5/fast"
/usr/bin/make -f CMakeFiles/cmTC_02ff5.dir/build.make CMakeFiles/cmTC_02ff5.dir/build
make[1]: Entering directory '/home/chenjs/a5/aom_190109/aom_build/CMakeFiles/CMakeTmp'
Building CXX object CMakeFiles/cmTC_02ff5.dir/src.cxx.o
/usr/bin/c++     -DCXX_FLAG_SUPPORTED   -Wimplicit-function-declaration -o CMakeFiles/cmTC_02ff5.dir/src.cxx.o -c /home/chenjs/a5/aom_190109/aom_build/CMakeFiles/CMakeTmp/src.cxx
cc1plus: warning: command line option '-Wimplicit-function-declaration' is valid for C/ObjC but not for C++
Linking CXX executable cmTC_02ff5
/usr/bin/cmake -E cmake_link_script CMakeFiles/cmTC_02ff5.dir/link.txt --verbose=1
/usr/bin/c++    -DCXX_FLAG_SUPPORTED    CMakeFiles/cmTC_02ff5.dir/src.cxx.o  -o cmTC_02ff5 -lm 
make[1]: Leaving directory '/home/chenjs/a5/aom_190109/aom_build/CMakeFiles/CMakeTmp'

Source file was:
int main() { return 0; }
Performing C SOURCE FILE Test C_FLAG_SUPPORTED failed with the following output:
Change Dir: /home/chenjs/a5/aom_190109/aom_build/CMakeFiles/CMakeTmp

Run Build Command:"/usr/bin/make" "cmTC_a5d41/fast"
/usr/bin/make -f CMakeFiles/cmTC_a5d41.dir/build.make CMakeFiles/cmTC_a5d41.dir/build
make[1]: Entering directory '/home/chenjs/a5/aom_190109/aom_build/CMakeFiles/CMakeTmp'
Building C object CMakeFiles/cmTC_a5d41.dir/src.c.o
/usr/bin/cc    -DC_FLAG_SUPPORTED   -Wstring-conversion -o CMakeFiles/cmTC_a5d41.dir/src.c.o   -c /home/chenjs/a5/aom_190109/aom_build/CMakeFiles/CMakeTmp/src.c
cc: error: unrecognized command line option '-Wstring-conversion'
CMakeFiles/cmTC_a5d41.dir/build.make:65: recipe for target 'CMakeFiles/cmTC_a5d41.dir/src.c.o' failed
make[1]: *** [CMakeFiles/cmTC_a5d41.dir/src.c.o] Error 1
make[1]: Leaving directory '/home/chenjs/a5/aom_190109/aom_build/CMakeFiles/CMakeTmp'
Makefile:126: recipe for target 'cmTC_a5d41/fast' failed
make: *** [cmTC_a5d41/fast] Error 2

Source file was:
int main(void) { return 0; }
Performing C++ SOURCE FILE Test CXX_FLAG_SUPPORTED failed with the following output:
Change Dir: /home/chenjs/a5/aom_190109/aom_build/CMakeFiles/CMakeTmp

Run Build Command:"/usr/bin/make" "cmTC_3367c/fast"
/usr/bin/make -f CMakeFiles/cmTC_3367c.dir/build.make CMakeFiles/cmTC_3367c.dir/build
make[1]: Entering directory '/home/chenjs/a5/aom_190109/aom_build/CMakeFiles/CMakeTmp'
Building CXX object CMakeFiles/cmTC_3367c.dir/src.cxx.o
/usr/bin/c++     -DCXX_FLAG_SUPPORTED   -Wstring-conversion -o CMakeFiles/cmTC_3367c.dir/src.cxx.o -c /home/chenjs/a5/aom_190109/aom_build/CMakeFiles/CMakeTmp/src.cxx
c++: error: unrecognized command line option '-Wstring-conversion'
CMakeFiles/cmTC_3367c.dir/build.make:65: recipe for target 'CMakeFiles/cmTC_3367c.dir/src.cxx.o' failed
make[1]: *** [CMakeFiles/cmTC_3367c.dir/src.cxx.o] Error 1
make[1]: Leaving directory '/home/chenjs/a5/aom_190109/aom_build/CMakeFiles/CMakeTmp'
Makefile:126: recipe for target 'cmTC_3367c/fast' failed
make: *** [cmTC_3367c/fast] Error 2

Source file was:
int main() { return 0; }
Performing C SOURCE FILE Test C_FLAG_SUPPORTED failed with the following output:
Change Dir: /home/chenjs/a5/aom_190109/aom_build/CMakeFiles/CMakeTmp

Run Build Command:"/usr/bin/make" "cmTC_67fd3/fast"
/usr/bin/make -f CMakeFiles/cmTC_67fd3.dir/build.make CMakeFiles/cmTC_67fd3.dir/build
make[1]: Entering directory '/home/chenjs/a5/aom_190109/aom_build/CMakeFiles/CMakeTmp'
Building C object CMakeFiles/cmTC_67fd3.dir/src.c.o
/usr/bin/cc    -DC_FLAG_SUPPORTED   -Wshorten-64-to-32 -o CMakeFiles/cmTC_67fd3.dir/src.c.o   -c /home/chenjs/a5/aom_190109/aom_build/CMakeFiles/CMakeTmp/src.c
cc: error: unrecognized command line option '-Wshorten-64-to-32'
CMakeFiles/cmTC_67fd3.dir/build.make:65: recipe for target 'CMakeFiles/cmTC_67fd3.dir/src.c.o' failed
make[1]: *** [CMakeFiles/cmTC_67fd3.dir/src.c.o] Error 1
make[1]: Leaving directory '/home/chenjs/a5/aom_190109/aom_build/CMakeFiles/CMakeTmp'
Makefile:126: recipe for target 'cmTC_67fd3/fast' failed
make: *** [cmTC_67fd3/fast] Error 2

Source file was:
int main(void) { return 0; }
